Flow report for mynios2
Sun May 22 13:10:51 2016
Quartus II Version 11.0 Build 208 07/03/2011 Service Pack 1 SJ Full Version


---------------------
; Table of Contents ;
---------------------
  1. Legal Notice
  2. Flow Summary
  3. Flow Settings
  4. Flow Non-Default Global Settings
  5. Flow Elapsed Time
  6. Flow OS Summary
  7. Flow Log



----------------
; Legal Notice ;
----------------
Copyright (C) 1991-2011 Altera Corporation
Your use of Altera Corporation's design tools, logic functions 
and other software and tools, and its AMPP partner logic 
functions, and any output files from any of the foregoing 
(including device programming or simulation files), and any 
associated documentation or information are expressly subject 
to the terms and conditions of the Altera Program License 
Subscription Agreement, Altera MegaCore Function License 
Agreement, or other applicable license agreement, including, 
without limitation, that your use is for the sole purpose of 
programming logic devices manufactured by Altera and sold by 
Altera or its authorized distributors.  Please refer to the 
applicable agreement for further details.



+-------------------------------------------------------------------------------------+
; Flow Summary                                                                        ;
+------------------------------------+------------------------------------------------+
; Flow Status                        ; Successful - Sun May 22 13:10:44 2016          ;
; Quartus II Version                 ; 11.0 Build 208 07/03/2011 SP 1 SJ Full Version ;
; Revision Name                      ; mynios2                                        ;
; Top-level Entity Name              ; my_top_system                                  ;
; Family                             ; Cyclone IV E                                   ;
; Device                             ; EP4CE22F17C6                                   ;
; Timing Models                      ; Final                                          ;
; Total logic elements               ; 7,834 / 22,320 ( 35 % )                        ;
;     Total combinational functions  ; 6,673 / 22,320 ( 30 % )                        ;
;     Dedicated logic registers      ; 5,211 / 22,320 ( 23 % )                        ;
; Total registers                    ; 5280                                           ;
; Total pins                         ; 74 / 154 ( 48 % )                              ;
; Total virtual pins                 ; 0                                              ;
; Total memory bits                  ; 172,928 / 608,256 ( 28 % )                     ;
; Embedded Multiplier 9-bit elements ; 4 / 132 ( 3 % )                                ;
; Total PLLs                         ; 2 / 4 ( 50 % )                                 ;
+------------------------------------+------------------------------------------------+


+-----------------------------------------+
; Flow Settings                           ;
+-------------------+---------------------+
; Option            ; Setting             ;
+-------------------+---------------------+
; Start date & time ; 05/22/2016 13:07:43 ;
; Main task         ; Compilation         ;
; Revision Name     ; mynios2             ;
+-------------------+---------------------+


+----------------------------------------------------------------------------------------------------------------------------+
; Flow Non-Default Global Settings                                                                                           ;
+---------------------------------------+---------------------------------------+---------------+---------------+------------+
; Assignment Name                       ; Value                                 ; Default Value ; Entity Name   ; Section Id ;
+---------------------------------------+---------------------------------------+---------------+---------------+------------+
; COMPILER_SIGNATURE_ID                 ; 121366911121.146393686203760          ; --            ; --            ; --         ;
; MAX_CORE_JUNCTION_TEMP                ; 85                                    ; --            ; --            ; --         ;
; MIN_CORE_JUNCTION_TEMP                ; 0                                     ; --            ; --            ; --         ;
; OUTPUT_IO_TIMING_FAR_END_VMEAS        ; Half Signal Swing                     ; --            ; --            ; --         ;
; OUTPUT_IO_TIMING_FAR_END_VMEAS        ; Half Signal Swing                     ; --            ; --            ; --         ;
; OUTPUT_IO_TIMING_NEAR_END_VMEAS       ; Half Vccio                            ; --            ; --            ; --         ;
; OUTPUT_IO_TIMING_NEAR_END_VMEAS       ; Half Vccio                            ; --            ; --            ; --         ;
; PARTITION_COLOR                       ; 16764057                              ; --            ; my_top_system ; Top        ;
; PARTITION_FITTER_PRESERVATION_LEVEL   ; PLACEMENT_AND_ROUTING                 ; --            ; my_top_system ; Top        ;
; PARTITION_NETLIST_TYPE                ; SOURCE                                ; --            ; my_top_system ; Top        ;
; POWER_BOARD_THERMAL_MODEL             ; None (CONSERVATIVE)                   ; --            ; --            ; --         ;
; POWER_PRESET_COOLING_SOLUTION         ; 23 MM HEAT SINK WITH 200 LFPM AIRFLOW ; --            ; --            ; --         ;
; SOPC_BUILDER_SIGNATURE_ID             ; Ipds                                  ; --            ; --            ; --         ;
; SYNCHRONIZATION_REGISTER_CHAIN_LENGTH ; 2                                     ; 3             ; --            ; --         ;
; TOP_LEVEL_ENTITY                      ; my_top_system                         ; mynios2       ; --            ; --         ;
+---------------------------------------+---------------------------------------+---------------+---------------+------------+


+-------------------------------------------------------------------------------------------------------------------------------+
; Flow Elapsed Time                                                                                                             ;
+---------------------------+--------------+-------------------------+---------------------+------------------------------------+
; Module Name               ; Elapsed Time ; Average Processors Used ; Peak Virtual Memory ; Total CPU Time (on all processors) ;
+---------------------------+--------------+-------------------------+---------------------+------------------------------------+
; Analysis & Synthesis      ; 00:01:10     ; 1.0                     ; 415 MB              ; 00:01:10                           ;
; Fitter                    ; 00:01:37     ; 2.0                     ; 565 MB              ; 00:01:51                           ;
; Assembler                 ; 00:00:03     ; 1.0                     ; 292 MB              ; 00:00:04                           ;
; TimeQuest Timing Analyzer ; 00:00:10     ; 2.0                     ; 367 MB              ; 00:00:13                           ;
; Total                     ; 00:03:00     ; --                      ; --                  ; 00:03:18                           ;
+---------------------------+--------------+-------------------------+---------------------+------------------------------------+


+----------------------------------------------------------------------------------------+
; Flow OS Summary                                                                        ;
+---------------------------+------------------+-----------+------------+----------------+
; Module Name               ; Machine Hostname ; OS Name   ; OS Version ; Processor type ;
+---------------------------+------------------+-----------+------------+----------------+
; Analysis & Synthesis      ; Solis            ; Windows 7 ; 6.1        ; x86_64         ;
; Fitter                    ; Solis            ; Windows 7 ; 6.1        ; x86_64         ;
; Assembler                 ; Solis            ; Windows 7 ; 6.1        ; x86_64         ;
; TimeQuest Timing Analyzer ; Solis            ; Windows 7 ; 6.1        ; x86_64         ;
+---------------------------+------------------+-----------+------------+----------------+


------------
; Flow Log ;
------------
quartus_map --read_settings_files=on --write_settings_files=off mynios2 -c mynios2
quartus_fit --read_settings_files=off --write_settings_files=off mynios2 -c mynios2
quartus_asm --read_settings_files=off --write_settings_files=off mynios2 -c mynios2
quartus_sta mynios2 -c mynios2



